<?xml version="1.0" encoding="UTF-8"?>
<!-- Generated by org.testng.reporters.JUnitXMLReporter -->
<testsuite hostname="Hp" ignored="0" name="Practise_Test" tests="9" failures="0" timestamp="15 Jan 2018 12:04:18 GMT" time="61.223" errors="0">
  <testcase name="browser" time="13.824" classname="testNG_basics.Sample_Test"/>
  <testcase name="sample_test" time="0.015" classname="testNG_basics.Sample_Test"/>
  <testcase name="sample_test2" time="0.0" classname="testNG_basics.Sample_Test"/>
  <testcase name="sample_test3" time="0.0" classname="testNG_basics.Sample_Test"/>
  <testcase name="sample_test4" time="0.0" classname="testNG_basics.Sample_Test"/>
  <testcase name="sample_test5" time="0.015" classname="testNG_basics.Sample_Test"/>
  <testcase name="locators" time="47.229" classname="basics.Locators"/>
  <testcase name="sample_test" time="0.0" classname="testNG_basics.SampleTest2"/>
  <testcase name="sample_test1" time="0.0" classname="testNG_basics.SampleTest2"/>
</testsuite> <!-- Practise_Test -->
