<?xml version="1.0" encoding="UTF-8"?>
<testng-results skipped="0" failed="0" ignored="0" total="1" passed="1">
  <reporter-output>
  </reporter-output>
  <suite name="Default suite" duration-ms="34671" started-at="2018-04-09T11:56:07Z" finished-at="2018-04-09T11:56:42Z">
    <groups>
    </groups>
    <test name="Default test" duration-ms="34671" started-at="2018-04-09T11:56:07Z" finished-at="2018-04-09T11:56:42Z">
      <class name="basics.Dropdown_Duplicates_copy">
        <test-method status="PASS" signature="Dropdown()[pri:0, instance:basics.Dropdown_Duplicates_copy@305fd85d]" name="Dropdown" duration-ms="34593" started-at="2018-04-09T11:56:07Z" finished-at="2018-04-09T11:56:42Z">
          <reporter-output>
          </reporter-output>
        </test-method> <!-- Dropdown -->
      </class> <!-- basics.Dropdown_Duplicates_copy -->
    </test> <!-- Default test -->
  </suite> <!-- Default suite -->
</testng-results>
